c:\users\alastair\documents\visual studio 2019\projects\rosumd5\arm64\debug\rosdriver\roskmd.cat
c:\users\alastair\documents\visual studio 2019\projects\rosumd5\rosdriver\arm64\debug\ros.inf
c:\users\alastair\documents\visual studio 2019\projects\rosumd5\arm64\debug\rosdriver.cer
c:\users\alastair\documents\visual studio 2019\projects\rosumd5\rosdriver\arm64\debug\rosdriver.tlog\inf2cat-expand.12988.read.1.tlog
c:\users\alastair\documents\visual studio 2019\projects\rosumd5\rosdriver\arm64\debug\rosdriver.tlog\inf2cat-expand.12988.write.1.tlog
c:\users\alastair\documents\visual studio 2019\projects\rosumd5\rosdriver\arm64\debug\rosdriver.tlog\inf2cat-expand.13928.read.1.tlog
c:\users\alastair\documents\visual studio 2019\projects\rosumd5\rosdriver\arm64\debug\rosdriver.tlog\inf2cat-expand.13928.write.1.tlog
c:\users\alastair\documents\visual studio 2019\projects\rosumd5\rosdriver\arm64\debug\rosdriver.tlog\inf2cat-expand.18912.read.1.tlog
c:\users\alastair\documents\visual studio 2019\projects\rosumd5\rosdriver\arm64\debug\rosdriver.tlog\inf2cat-expand.18912.write.1.tlog
c:\users\alastair\documents\visual studio 2019\projects\rosumd5\rosdriver\arm64\debug\rosdriver.tlog\inf2cat-expand.20864.read.1.tlog
c:\users\alastair\documents\visual studio 2019\projects\rosumd5\rosdriver\arm64\debug\rosdriver.tlog\inf2cat-expand.20864.write.1.tlog
c:\users\alastair\documents\visual studio 2019\projects\rosumd5\rosdriver\arm64\debug\rosdriver.tlog\inf2cat-expand.21084.read.1.tlog
c:\users\alastair\documents\visual studio 2019\projects\rosumd5\rosdriver\arm64\debug\rosdriver.tlog\inf2cat-expand.21084.write.1.tlog
c:\users\alastair\documents\visual studio 2019\projects\rosumd5\rosdriver\arm64\debug\rosdriver.tlog\inf2cat-expand.21240.read.1.tlog
c:\users\alastair\documents\visual studio 2019\projects\rosumd5\rosdriver\arm64\debug\rosdriver.tlog\inf2cat-expand.21240.write.1.tlog
c:\users\alastair\documents\visual studio 2019\projects\rosumd5\rosdriver\arm64\debug\rosdriver.tlog\inf2cat-expand.read.1.tlog
c:\users\alastair\documents\visual studio 2019\projects\rosumd5\rosdriver\arm64\debug\rosdriver.tlog\inf2cat-expand.write.1.tlog
c:\users\alastair\documents\visual studio 2019\projects\rosumd5\rosdriver\arm64\debug\rosdriver.tlog\inf2cat.command.1.tlog
c:\users\alastair\documents\visual studio 2019\projects\rosumd5\rosdriver\arm64\debug\rosdriver.tlog\inf2cat.read.1.tlog
c:\users\alastair\documents\visual studio 2019\projects\rosumd5\rosdriver\arm64\debug\rosdriver.tlog\inf2cat.read.8.tlog
c:\users\alastair\documents\visual studio 2019\projects\rosumd5\rosdriver\arm64\debug\rosdriver.tlog\inf2cat.write.1.tlog
c:\users\alastair\documents\visual studio 2019\projects\rosumd5\rosdriver\arm64\debug\rosdriver.tlog\inf2cat.write.8.tlog
c:\users\alastair\documents\visual studio 2019\projects\rosumd5\rosdriver\arm64\debug\rosdriver.tlog\signtool.command.1.tlog
c:\users\alastair\documents\visual studio 2019\projects\rosumd5\rosdriver\arm64\debug\rosdriver.tlog\signtool.read.1.tlog
c:\users\alastair\documents\visual studio 2019\projects\rosumd5\rosdriver\arm64\debug\rosdriver.tlog\signtool.timestamp.1.tlog
c:\users\alastair\documents\visual studio 2019\projects\rosumd5\rosdriver\arm64\debug\rosdriver.tlog\signtool.write.1.tlog
c:\users\alastair\documents\visual studio 2019\projects\rosumd5\rosdriver\arm64\debug\rosdriver.tlog\stampinf.command.1.tlog
c:\users\alastair\documents\visual studio 2019\projects\rosumd5\rosdriver\arm64\debug\rosdriver.tlog\stampinf.read.1.tlog
c:\users\alastair\documents\visual studio 2019\projects\rosumd5\rosdriver\arm64\debug\rosdriver.tlog\stampinf.write.1.tlog
