KDTARGET: Refreshing KD connection
Initializing roskmd. (pDriverObject=0xFFFFA68935354E50, pRegistryPath=\REGISTRY\MACHINE\SYSTEM\ControlSet001\Services\RenderOnlySample)
[INFO]: RosKmd DriverEntry Complete
RosKmdDdi::DdiAddAdapter MiniportDeviceContext=FFFF9201AAA472B8

RosKmdDdi::DdiQueryInterface MiniportDeviceContext=FFFFA68935920000

Received QueryInterface for unsupported interface. (InterfaceType=2564AA4F-DDDB-4495-B4976AD4A84163D7)
RosKmdDdi::DdiQueryInterface MiniportDeviceContext=FFFFA68935920000

Received QueryInterface for unsupported interface. (InterfaceType=693A2CB1-8C8D-4AB6-95554B85EF2C7C6B)
RosKmdDdi::DdiQueryInterface MiniportDeviceContext=FFFFA68935920000

Received QueryInterface for unsupported interface. (InterfaceType=7F098726-2EBB-4FF3-A27F1046B95DC517)
RosKmdDdi::DdiQueryInterface MiniportDeviceContext=FFFFA68935920000

Received QueryInterface for unsupported interface. (InterfaceType=E929EEA4-B9F1-407B-AAB9AB08BB44FBF4)
RosKmdDdi::DdiQueryInterface MiniportDeviceContext=FFFFA68935920000

Received QueryInterface for unsupported interface. (InterfaceType=BF4672DE-6B4E-4BE4-A32568A91EA49C09)
RosKmdDdi::DdiQueryInterface MiniportDeviceContext=FFFFA68935920000

Received QueryInterface for unsupported interface. (InterfaceType=AF03F190-22AF-48CB-94BBB78E76A25107)
RosKmdDdi::DdiQueryAdapterInfo hAdapter=FFFFA68935920000

QueryAdapterInfo was called. (Type=29)
Unsupported query type. (pQueryAdapterInfo->Type=29, pQueryAdapterInfo=0xFFFF9201AAA47028)
RosKmdDdi::DdiStartAdapter MiniportDeviceContext=FFFFA68935920000

Adapter was successfully started.
RosKmdDdi::DdiQueryAdapterInfo hAdapter=FFFFA68935920000

QueryAdapterInfo was called. (Type=1)
RosKmdDdi::DdiQueryAdapterInfo hAdapter=FFFFA68935920000

QueryAdapterInfo was called. (Type=16)
Unsupported query type. (pQueryAdapterInfo->Type=16, pQueryAdapterInfo=0xFFFF9201AD70D678)
RosKmdDdi::DdiGetNodeMetadata hAdapter=FFFFA68935920000

RosKmContext::DdiCreateContext hDevice=FFFFA68933399EA0

RosKmdDdi::DdiQueryAdapterInfo hAdapter=FFFFA68935920000

QueryAdapterInfo was called. (Type=5)
RosKmdDdi::DdiQueryAdapterInfo hAdapter=FFFFA68935920000

QueryAdapterInfo was called. (Type=5)
RosKmdDdi::DdiBuildPagingBuffer hAdapter=FFFFA68935920000

RosKmdDdi::DdiBuildPagingBuffer hAdapter=FFFFA68935920000

RosKmdDdi::DdiQueryAdapterInfo hAdapter=FFFFA68935920000

QueryAdapterInfo was called. (Type=10)
RosKmdDdi::DdiQueryInterface MiniportDeviceContext=FFFFA68935920000

Received QueryInterface for unsupported interface. (InterfaceType=14F9DB8B-85E1-4AA5-8DAFFF4A7806D5E9)
RosKmdDdi::DdiQueryInterface MiniportDeviceContext=FFFFA68935920000

Received QueryInterface for unsupported interface. (InterfaceType=462BC153-40EB-484A-81689972E3CD5AEF)
RosKmdDdi::DdiQueryInterface MiniportDeviceContext=FFFFA68935920000

Received QueryInterface for unsupported interface. (InterfaceType=197A4A6E-0391-4322-96EAC2760F881D3A)
RosKmdDdi::DdiQueryInterface MiniportDeviceContext=FFFFA68935920000

Received QueryInterface for unsupported interface. (InterfaceType=148A3C98-0ECD-465A-B634B05F195F7739)
RosKmdDdi::DdiQueryInterface MiniportDeviceContext=FFFFA68935920000

Received QueryInterface for unsupported interface. (InterfaceType=FDE5BBA4-B3F9-46FB-BDAA0728CE3100B4)
RosKmdDdi::DdiQueryInterface MiniportDeviceContext=FFFFA68935920000

Received QueryInterface for unsupported interface. (InterfaceType=2D09818E-DFEB-4173-B5E9AEFD66B202F3)
RosKmdDdi::DdiQueryInterface MiniportDeviceContext=FFFFA68935920000

Received QueryInterface for unsupported interface. (InterfaceType=962639F3-E9DC-42AB-94EB06516DECA126)
RosKmdDdi::DdiBuildPagingBuffer hAdapter=FFFFA68935920000

RosKmdDdi::DdiBuildPagingBuffer hAdapter=FFFFA68935920000

RosKmdDestroyContext hContext=FFFFA6893339A7D0

RosKmdDdi::DdiStopAdapter MiniportDeviceContext=FFFFA68935920000

Adapter was successfully stopped.
RosKmdDdi::DdiRemoveAdapter MiniportDeviceContext=FFFFA68935920000

RosKmdGlobal::DdiUnload
