
Microsoft (R) Windows Debugger Version 10.0.19041.1 AMD64
Copyright (c) Microsoft Corporation. All rights reserved.

Opened \\.\com5
Waiting to reconnect...
Connected to Windows 10 21337 ARM 64-bit (AArch64) target at (Sun Sep 26 10:16:48.972 2021 (UTC + 1:00)), ptr64 TRUE
Kernel Debugger connection established.
Symbol search path is: srv*
Executable search path is: 
Windows 10 Kernel Version 21337 MP (4 procs) Free ARM 64-bit (AArch64)
Product: WinNt, suite: TerminalServer SingleUserTS
Built by: 21337.1000.arm64fre.rs_prerelease.210312-1502
Machine Name:
Kernel base = 0xfffff802`87a00000 PsLoadedModuleList = 0xfffff802`8862a860
Debug session time: Sun Sep 26 10:16:48.807 2021 (UTC + 1:00)
System Uptime: 0 days 10:38:29.868
Break instruction exception - code 80000003 (first chance)
*******************************************************************************
*                                                                             *
*   You are seeing this message because you pressed either                    *
*       CTRL+C (if you run console kernel debugger) or,                       *
*       CTRL+BREAK (if you run GUI kernel debugger),                          *
*   on your debugger machine's keyboard.                                      *
*                                                                             *
*                   THIS IS NOT A BUG OR A SYSTEM CRASH                       *
*                                                                             *
* If you did not intend to break into the debugger, press the "g" key, then   *
* press the "Enter" key now.  This message might immediately reappear.  If it *
* does, press "g" and "Enter" again.                                          *
*                                                                             *
*******************************************************************************
nt!DbgBreakPointWithStatus:
fffff802`87c07570 d43e0000 brk         #0xF000
1: kd> g
WATCHDOG: hRim:00000000000003EC[P:FFFFD88CDC43C080,T:FFFFD88CDC5A2080]dwInputType:00000001 delayed read
[CALL]: RosKmdGlobal::DriverEntry
Initializing roskmd. (pDriverObject=0xFFFFD88CDD4B8610, pRegistryPath=\REGISTRY\MACHINE\SYSTEM\ControlSet001\Services\RenderOnlySample)
[CALL]: RosKmdDdi::DdiAddAdapter
[CALL]: RosKmAdapter::AddAdapter
[CALL]: RosKmdSoftAdapter::operator new
Successfully constructed display subsystem. (this=0xFFFFD88CDE192898, PhysicalDeviceObjectPtr=0xFFFFD88CDCAF1580)
[CALL]: RosKmdDdi::DdiQueryInterface
[CALL]: RosKmAdapter::QueryInterface
Received QueryInterface for unsupported interface. (InterfaceType=2564AA4F-DDDB-4495-B4976AD4A84163D7)
[CALL]: RosKmdDdi::DdiQueryInterface
[CALL]: RosKmAdapter::QueryInterface
Received QueryInterface for unsupported interface. (InterfaceType=693A2CB1-8C8D-4AB6-95554B85EF2C7C6B)
[CALL]: RosKmdDdi::DdiQueryInterface
[CALL]: RosKmAdapter::QueryInterface
Received QueryInterface for unsupported interface. (InterfaceType=7F098726-2EBB-4FF3-A27F1046B95DC517)
[CALL]: RosKmdDdi::DdiQueryInterface
[CALL]: RosKmAdapter::QueryInterface
Received QueryInterface for unsupported interface. (InterfaceType=E929EEA4-B9F1-407B-AAB9AB08BB44FBF4)
[CALL]: RosKmdDdi::DdiQueryInterface
[CALL]: RosKmAdapter::QueryInterface
Received QueryInterface for unsupported interface. (InterfaceType=BF4672DE-6B4E-4BE4-A32568A91EA49C09)
[CALL]: RosKmdDdi::DdiQueryInterface
[CALL]: RosKmAdapter::QueryInterface
Received QueryInterface for unsupported interface. (InterfaceType=AF03F190-22AF-48CB-94BBB78E76A25107)
[CALL]: RosKmdDdi::DdiQueryAdapterInfo
[CALL]: RosKmAdapter::QueryAdapterInfo
QueryAdapterInfo was called. (Type=29)
Unsupported query type. (pQueryAdapterInfo->Type=29, pQueryAdapterInfo=0xFFFFB605B6931028)
[CALL]: RosKmdDdi::DdiStartAdapter
[CALL]: RosKmdSoftAdapter::Start
[CALL]: RosKmAdapter::Start
Adapter was successfully started.
[CALL]: RosKmdDdi::DdiQueryAdapterInfo
[CALL]: RosKmAdapter::QueryAdapterInfo
QueryAdapterInfo was called. (Type=1)
[CALL]: RosKmdDdi::DdiQueryAdapterInfo
[CALL]: RosKmAdapter::QueryAdapterInfo
QueryAdapterInfo was called. (Type=16)
Unsupported query type. (pQueryAdapterInfo->Type=16, pQueryAdapterInfo=0xFFFFB605B80D9678)
[CALL]: RosKmdDdi::DdiGetNodeMetadata
[CALL]: RosKmAdapter::GetNodeMetadata
RosKmContext::DdiCreateContext hDevice=dd969ee0

[CALL]: RosKmdDdi::DdiQueryAdapterInfo
[CALL]: RosKmAdapter::QueryAdapterInfo
QueryAdapterInfo was called. (Type=5)
[CALL]: RosKmdDdi::DdiQueryAdapterInfo
[CALL]: RosKmAdapter::QueryAdapterInfo
QueryAdapterInfo was called. (Type=5)
[CALL]: RosKmdDdi::DdiBuildPagingBuffer
[CALL]: RosKmdDdi::DdiBuildPagingBuffer
[CALL]: RosKmdDdi::DdiQueryAdapterInfo
[CALL]: RosKmAdapter::QueryAdapterInfo
QueryAdapterInfo was called. (Type=10)
[CALL]: RosKmdDdi::DdiQueryInterface
[CALL]: RosKmAdapter::QueryInterface
Received QueryInterface for unsupported interface. (InterfaceType=14F9DB8B-85E1-4AA5-8DAFFF4A7806D5E9)
[CALL]: RosKmdDdi::DdiQueryInterface
[CALL]: RosKmAdapter::QueryInterface
Received QueryInterface for unsupported interface. (InterfaceType=462BC153-40EB-484A-81689972E3CD5AEF)
[CALL]: RosKmdDdi::DdiQueryInterface
[CALL]: RosKmAdapter::QueryInterface
Received QueryInterface for unsupported interface. (InterfaceType=197A4A6E-0391-4322-96EAC2760F881D3A)
[CALL]: RosKmdDdi::DdiQueryInterface
[CALL]: RosKmAdapter::QueryInterface
Received QueryInterface for unsupported interface. (InterfaceType=148A3C98-0ECD-465A-B634B05F195F7739)
[CALL]: RosKmdDdi::DdiQueryInterface
[CALL]: RosKmAdapter::QueryInterface
Received QueryInterface for unsupported interface. (InterfaceType=FDE5BBA4-B3F9-46FB-BDAA0728CE3100B4)
[CALL]: RosKmdDdi::DdiQueryInterface
[CALL]: RosKmAdapter::QueryInterface
Received QueryInterface for unsupported interface. (InterfaceType=2D09818E-DFEB-4173-B5E9AEFD66B202F3)
[CALL]: RosKmdDdi::DdiQueryInterface
[CALL]: RosKmAdapter::QueryInterface
Received QueryInterface for unsupported interface. (InterfaceType=962639F3-E9DC-42AB-94EB06516DECA126)
[CALL]: OpenAdapter10_2 (pArgs = 00007FFAA7F30000)
RosUmdAdapter::RosUmdAdapter
RosUmdAdapter::~RosUmdAdapter
RosUmdAdapter::Open
[CALL]: RosKmdDdi::DdiBuildPagingBuffer
[CALL]: RosKmdDdi::DdiBuildPagingBuffer
RosKmdDestroyContext hContext=dd96a210

[CALL]: RosKmdDdi::DdiStopAdapter
Adapter was successfully stopped.
[CALL]: RosKmdDdi::DdiRemoveAdapter
[CALL]: RosKmdSoftAdapter::operator delete
[CALL]: RosKmdGlobal::DdiUnload
