c:\users\alastair\documents\visual studio 2019\projects\rosumd5\roskmd\arm64\release\vc142.pdb
c:\users\alastair\documents\visual studio 2019\projects\rosumd5\roskmd\arm64\release\vc4display.obj
c:\users\alastair\documents\visual studio 2019\projects\rosumd5\roskmd\arm64\release\vc4debug.obj
c:\users\alastair\documents\visual studio 2019\projects\rosumd5\roskmd\arm64\release\roskmdlogging.obj
c:\users\alastair\documents\visual studio 2019\projects\rosumd5\roskmd\arm64\release\roskmdpower.obj
c:\users\alastair\documents\visual studio 2019\projects\rosumd5\roskmd\arm64\release\roskmdutil.obj
c:\users\alastair\documents\visual studio 2019\projects\rosumd5\roskmd\arm64\release\roskmdsoftadapter.obj
c:\users\alastair\documents\visual studio 2019\projects\rosumd5\roskmd\arm64\release\roskmdrapadapter.obj
c:\users\alastair\documents\visual studio 2019\projects\rosumd5\roskmd\arm64\release\roskmdglobal.obj
c:\users\alastair\documents\visual studio 2019\projects\rosumd5\roskmd\arm64\release\roskmddevice.obj
c:\users\alastair\documents\visual studio 2019\projects\rosumd5\roskmd\arm64\release\roskmdddi.obj
c:\users\alastair\documents\visual studio 2019\projects\rosumd5\roskmd\arm64\release\roskmdcontext.obj
c:\users\alastair\documents\visual studio 2019\projects\rosumd5\roskmd\arm64\release\roskmdadapter.obj
c:\users\alastair\documents\visual studio 2019\projects\rosumd5\roskmd\arm64\release\roskmdacpi.obj
c:\users\alastair\documents\visual studio 2019\projects\rosumd5\arm64\release\roskmd.sys
c:\users\alastair\documents\visual studio 2019\projects\rosumd5\roskmd\arm64\release\roskmd.iobj
c:\users\alastair\documents\visual studio 2019\projects\rosumd5\arm64\release\roskmd.pdb
c:\users\alastair\documents\visual studio 2019\projects\rosumd5\arm64\release\roskmd.cer
c:\users\alastair\documents\visual studio 2019\projects\rosumd5\roskmd\arm64\release\roskmd.tlog\cl.command.1.tlog
c:\users\alastair\documents\visual studio 2019\projects\rosumd5\roskmd\arm64\release\roskmd.tlog\cl.read.1.tlog
c:\users\alastair\documents\visual studio 2019\projects\rosumd5\roskmd\arm64\release\roskmd.tlog\cl.write.1.tlog
c:\users\alastair\documents\visual studio 2019\projects\rosumd5\roskmd\arm64\release\roskmd.tlog\link.command.1.tlog
c:\users\alastair\documents\visual studio 2019\projects\rosumd5\roskmd\arm64\release\roskmd.tlog\link.read.1.tlog
c:\users\alastair\documents\visual studio 2019\projects\rosumd5\roskmd\arm64\release\roskmd.tlog\link.write.1.tlog
c:\users\alastair\documents\visual studio 2019\projects\rosumd5\roskmd\arm64\release\roskmd.tlog\signtool.command.1.tlog
c:\users\alastair\documents\visual studio 2019\projects\rosumd5\roskmd\arm64\release\roskmd.tlog\signtool.read.1.tlog
c:\users\alastair\documents\visual studio 2019\projects\rosumd5\roskmd\arm64\release\roskmd.tlog\signtool.timestamp.1.tlog
c:\users\alastair\documents\visual studio 2019\projects\rosumd5\roskmd\arm64\release\roskmd.tlog\signtool.write.1.tlog
