c:\users\alastair\documents\visual studio 2019\projects\rosumd5\rosumd\arm64\debug\vc142.pdb
c:\users\alastair\documents\visual studio 2019\projects\rosumd5\rosumd\arm64\debug\rosumddeviceddi.obj
c:\users\alastair\documents\visual studio 2019\projects\rosumd5\rosumd\arm64\debug\rosumdadapter.obj
c:\users\alastair\documents\visual studio 2019\projects\rosumd5\rosumd\arm64\debug\rosumd.obj
c:\users\alastair\documents\visual studio 2019\projects\rosumd5\arm64\debug\rosumd.dll
c:\users\alastair\documents\visual studio 2019\projects\rosumd5\rosumd\arm64\debug\rosumd.iobj
c:\users\alastair\documents\visual studio 2019\projects\rosumd5\arm64\debug\rosumd.pdb
c:\users\alastair\documents\visual studio 2019\projects\rosumd5\arm64\debug\rosumd.lib
c:\users\alastair\documents\visual studio 2019\projects\rosumd5\arm64\debug\rosumd.exp
c:\users\alastair\documents\visual studio 2019\projects\rosumd5\arm64\debug\rosumd.cer
c:\users\alastair\documents\visual studio 2019\projects\rosumd5\rosumd\arm64\debug\rosumd.tlog\cl.command.1.tlog
c:\users\alastair\documents\visual studio 2019\projects\rosumd5\rosumd\arm64\debug\rosumd.tlog\cl.read.1.tlog
c:\users\alastair\documents\visual studio 2019\projects\rosumd5\rosumd\arm64\debug\rosumd.tlog\cl.write.1.tlog
c:\users\alastair\documents\visual studio 2019\projects\rosumd5\rosumd\arm64\debug\rosumd.tlog\link.command.1.tlog
c:\users\alastair\documents\visual studio 2019\projects\rosumd5\rosumd\arm64\debug\rosumd.tlog\link.read.1.tlog
c:\users\alastair\documents\visual studio 2019\projects\rosumd5\rosumd\arm64\debug\rosumd.tlog\link.write.1.tlog
c:\users\alastair\documents\visual studio 2019\projects\rosumd5\rosumd\arm64\debug\rosumd.tlog\rosumd.write.1u.tlog
c:\users\alastair\documents\visual studio 2019\projects\rosumd5\rosumd\arm64\debug\rosumd.tlog\signtool.command.1.tlog
c:\users\alastair\documents\visual studio 2019\projects\rosumd5\rosumd\arm64\debug\rosumd.tlog\signtool.read.1.tlog
c:\users\alastair\documents\visual studio 2019\projects\rosumd5\rosumd\arm64\debug\rosumd.tlog\signtool.timestamp.1.tlog
c:\users\alastair\documents\visual studio 2019\projects\rosumd5\rosumd\arm64\debug\rosumd.tlog\signtool.write.1.tlog
