  Building 'cosumd12' with toolset 'WindowsUserModeDriver10.0' and the 'Universal' target platform.
  CosUmd12.cpp
C:\Users\Alastair\Documents\Visual Studio 2019\Projects\ROSCOS\compute-only-sample\cosumd12\CosUmd12CommandList.h(260,86): error C2027: use of undefined type 'CosUmd12DescriptorHeap'
C:\Users\Alastair\Documents\Visual Studio 2019\Projects\ROSCOS\compute-only-sample\cosumd12\CosUmd12CommandList.h(5): message : see declaration of 'CosUmd12DescriptorHeap'
C:\Users\Alastair\Documents\Visual Studio 2019\Projects\ROSCOS\compute-only-sample\cosumd12\CosUmd12CommandList.h(205,10): message : This diagnostic occurred in the compiler generated function 'void CosUmd12CommandList::ExecuteMlMetaCommand(THwMetaCommand *,THwIoTable *,MetaCommandId)'
C:\Users\Alastair\Documents\Visual Studio 2019\Projects\ROSCOS\compute-only-sample\cosumd12\CosUmd12CommandList.h(263,62): error C2027: use of undefined type 'CosUmd12DescriptorHeap'
C:\Users\Alastair\Documents\Visual Studio 2019\Projects\ROSCOS\compute-only-sample\cosumd12\CosUmd12CommandList.h(5): message : see declaration of 'CosUmd12DescriptorHeap'
C:\Users\Alastair\Documents\Visual Studio 2019\Projects\ROSCOS\compute-only-sample\cosumd12\CosUmd12CommandList.h(205,10): message : This diagnostic occurred in the compiler generated function 'void CosUmd12CommandList::ExecuteMlMetaCommand(THwMetaCommand *,THwIoTable *,MetaCommandId)'
  CosUmd12Adapter.cpp
C:\Users\Alastair\Documents\Visual Studio 2019\Projects\ROSCOS\compute-only-sample\cosumd12\CosUmd12CommandList.h(260,86): error C2027: use of undefined type 'CosUmd12DescriptorHeap'
C:\Users\Alastair\Documents\Visual Studio 2019\Projects\ROSCOS\compute-only-sample\cosumd12\CosUmd12CommandList.h(5): message : see declaration of 'CosUmd12DescriptorHeap'
C:\Users\Alastair\Documents\Visual Studio 2019\Projects\ROSCOS\compute-only-sample\cosumd12\CosUmd12CommandList.h(205,10): message : This diagnostic occurred in the compiler generated function 'void CosUmd12CommandList::ExecuteMlMetaCommand(THwMetaCommand *,THwIoTable *,MetaCommandId)'
C:\Users\Alastair\Documents\Visual Studio 2019\Projects\ROSCOS\compute-only-sample\cosumd12\CosUmd12CommandList.h(263,62): error C2027: use of undefined type 'CosUmd12DescriptorHeap'
C:\Users\Alastair\Documents\Visual Studio 2019\Projects\ROSCOS\compute-only-sample\cosumd12\CosUmd12CommandList.h(5): message : see declaration of 'CosUmd12DescriptorHeap'
C:\Users\Alastair\Documents\Visual Studio 2019\Projects\ROSCOS\compute-only-sample\cosumd12\CosUmd12CommandList.h(205,10): message : This diagnostic occurred in the compiler generated function 'void CosUmd12CommandList::ExecuteMlMetaCommand(THwMetaCommand *,THwIoTable *,MetaCommandId)'
  CosUmd12CommandBuffer.cpp
C:\Users\Alastair\Documents\Visual Studio 2019\Projects\ROSCOS\compute-only-sample\cosumd12\CosUmd12CommandList.h(260,86): error C2027: use of undefined type 'CosUmd12DescriptorHeap'
C:\Users\Alastair\Documents\Visual Studio 2019\Projects\ROSCOS\compute-only-sample\cosumd12\CosUmd12CommandList.h(5): message : see declaration of 'CosUmd12DescriptorHeap'
C:\Users\Alastair\Documents\Visual Studio 2019\Projects\ROSCOS\compute-only-sample\cosumd12\CosUmd12CommandList.h(205,10): message : This diagnostic occurred in the compiler generated function 'void CosUmd12CommandList::ExecuteMlMetaCommand(THwMetaCommand *,THwIoTable *,MetaCommandId)'
C:\Users\Alastair\Documents\Visual Studio 2019\Projects\ROSCOS\compute-only-sample\cosumd12\CosUmd12CommandList.h(263,62): error C2027: use of undefined type 'CosUmd12DescriptorHeap'
C:\Users\Alastair\Documents\Visual Studio 2019\Projects\ROSCOS\compute-only-sample\cosumd12\CosUmd12CommandList.h(5): message : see declaration of 'CosUmd12DescriptorHeap'
C:\Users\Alastair\Documents\Visual Studio 2019\Projects\ROSCOS\compute-only-sample\cosumd12\CosUmd12CommandList.h(205,10): message : This diagnostic occurred in the compiler generated function 'void CosUmd12CommandList::ExecuteMlMetaCommand(THwMetaCommand *,THwIoTable *,MetaCommandId)'
  CosUmd12CommandBufferGpuVa.cpp
C:\Users\Alastair\Documents\Visual Studio 2019\Projects\ROSCOS\compute-only-sample\cosumd12\CosUmd12CommandList.h(260,86): error C2027: use of undefined type 'CosUmd12DescriptorHeap'
C:\Users\Alastair\Documents\Visual Studio 2019\Projects\ROSCOS\compute-only-sample\cosumd12\CosUmd12CommandList.h(5): message : see declaration of 'CosUmd12DescriptorHeap'
C:\Users\Alastair\Documents\Visual Studio 2019\Projects\ROSCOS\compute-only-sample\cosumd12\CosUmd12CommandList.h(205,10): message : This diagnostic occurred in the compiler generated function 'void CosUmd12CommandList::ExecuteMlMetaCommand(THwMetaCommand *,THwIoTable *,MetaCommandId)'
C:\Users\Alastair\Documents\Visual Studio 2019\Projects\ROSCOS\compute-only-sample\cosumd12\CosUmd12CommandList.h(263,62): error C2027: use of undefined type 'CosUmd12DescriptorHeap'
C:\Users\Alastair\Documents\Visual Studio 2019\Projects\ROSCOS\compute-only-sample\cosumd12\CosUmd12CommandList.h(5): message : see declaration of 'CosUmd12DescriptorHeap'
C:\Users\Alastair\Documents\Visual Studio 2019\Projects\ROSCOS\compute-only-sample\cosumd12\CosUmd12CommandList.h(205,10): message : This diagnostic occurred in the compiler generated function 'void CosUmd12CommandList::ExecuteMlMetaCommand(THwMetaCommand *,THwIoTable *,MetaCommandId)'
  CosUmd12CommandList.cpp
C:\Users\Alastair\Documents\Visual Studio 2019\Projects\ROSCOS\compute-only-sample\cosumd12\CosUmd12CommandList.h(260,86): error C2027: use of undefined type 'CosUmd12DescriptorHeap'
C:\Users\Alastair\Documents\Visual Studio 2019\Projects\ROSCOS\compute-only-sample\cosumd12\CosUmd12CommandList.h(5): message : see declaration of 'CosUmd12DescriptorHeap'
C:\Users\Alastair\Documents\Visual Studio 2019\Projects\ROSCOS\compute-only-sample\cosumd12\CosUmd12CommandList.h(205,10): message : This diagnostic occurred in the compiler generated function 'void CosUmd12CommandList::ExecuteMlMetaCommand(THwMetaCommand *,THwIoTable *,MetaCommandId)'
C:\Users\Alastair\Documents\Visual Studio 2019\Projects\ROSCOS\compute-only-sample\cosumd12\CosUmd12CommandList.h(263,62): error C2027: use of undefined type 'CosUmd12DescriptorHeap'
C:\Users\Alastair\Documents\Visual Studio 2019\Projects\ROSCOS\compute-only-sample\cosumd12\CosUmd12CommandList.h(5): message : see declaration of 'CosUmd12DescriptorHeap'
C:\Users\Alastair\Documents\Visual Studio 2019\Projects\ROSCOS\compute-only-sample\cosumd12\CosUmd12CommandList.h(205,10): message : This diagnostic occurred in the compiler generated function 'void CosUmd12CommandList::ExecuteMlMetaCommand(THwMetaCommand *,THwIoTable *,MetaCommandId)'
  CosUmd12CommandListGpuVa.cpp
C:\Users\Alastair\Documents\Visual Studio 2019\Projects\ROSCOS\compute-only-sample\cosumd12\CosUmd12CommandList.h(260,86): error C2027: use of undefined type 'CosUmd12DescriptorHeap'
C:\Users\Alastair\Documents\Visual Studio 2019\Projects\ROSCOS\compute-only-sample\cosumd12\CosUmd12CommandList.h(5): message : see declaration of 'CosUmd12DescriptorHeap'
C:\Users\Alastair\Documents\Visual Studio 2019\Projects\ROSCOS\compute-only-sample\cosumd12\CosUmd12CommandList.h(205,10): message : This diagnostic occurred in the compiler generated function 'void CosUmd12CommandList::ExecuteMlMetaCommand(THwMetaCommand *,THwIoTable *,MetaCommandId)'
C:\Users\Alastair\Documents\Visual Studio 2019\Projects\ROSCOS\compute-only-sample\cosumd12\CosUmd12CommandList.h(263,62): error C2027: use of undefined type 'CosUmd12DescriptorHeap'
C:\Users\Alastair\Documents\Visual Studio 2019\Projects\ROSCOS\compute-only-sample\cosumd12\CosUmd12CommandList.h(5): message : see declaration of 'CosUmd12DescriptorHeap'
C:\Users\Alastair\Documents\Visual Studio 2019\Projects\ROSCOS\compute-only-sample\cosumd12\CosUmd12CommandList.h(205,10): message : This diagnostic occurred in the compiler generated function 'void CosUmd12CommandList::ExecuteMlMetaCommand(THwMetaCommand *,THwIoTable *,MetaCommandId)'
  CosUmd12CommandPool.cpp
C:\Users\Alastair\Documents\Visual Studio 2019\Projects\ROSCOS\compute-only-sample\cosumd12\CosUmd12CommandList.h(260,86): error C2027: use of undefined type 'CosUmd12DescriptorHeap'
C:\Users\Alastair\Documents\Visual Studio 2019\Projects\ROSCOS\compute-only-sample\cosumd12\CosUmd12CommandList.h(5): message : see declaration of 'CosUmd12DescriptorHeap'
C:\Users\Alastair\Documents\Visual Studio 2019\Projects\ROSCOS\compute-only-sample\cosumd12\CosUmd12CommandList.h(205,10): message : This diagnostic occurred in the compiler generated function 'void CosUmd12CommandList::ExecuteMlMetaCommand(THwMetaCommand *,THwIoTable *,MetaCommandId)'
C:\Users\Alastair\Documents\Visual Studio 2019\Projects\ROSCOS\compute-only-sample\cosumd12\CosUmd12CommandList.h(263,62): error C2027: use of undefined type 'CosUmd12DescriptorHeap'
C:\Users\Alastair\Documents\Visual Studio 2019\Projects\ROSCOS\compute-only-sample\cosumd12\CosUmd12CommandList.h(5): message : see declaration of 'CosUmd12DescriptorHeap'
C:\Users\Alastair\Documents\Visual Studio 2019\Projects\ROSCOS\compute-only-sample\cosumd12\CosUmd12CommandList.h(205,10): message : This diagnostic occurred in the compiler generated function 'void CosUmd12CommandList::ExecuteMlMetaCommand(THwMetaCommand *,THwIoTable *,MetaCommandId)'
  CosUmd12CommandQueue.cpp
C:\Users\Alastair\Documents\Visual Studio 2019\Projects\ROSCOS\compute-only-sample\cosumd12\CosUmd12CommandList.h(260,86): error C2027: use of undefined type 'CosUmd12DescriptorHeap'
C:\Users\Alastair\Documents\Visual Studio 2019\Projects\ROSCOS\compute-only-sample\cosumd12\CosUmd12CommandList.h(5): message : see declaration of 'CosUmd12DescriptorHeap'
C:\Users\Alastair\Documents\Visual Studio 2019\Projects\ROSCOS\compute-only-sample\cosumd12\CosUmd12CommandList.h(205,10): message : This diagnostic occurred in the compiler generated function 'void CosUmd12CommandList::ExecuteMlMetaCommand(THwMetaCommand *,THwIoTable *,MetaCommandId)'
C:\Users\Alastair\Documents\Visual Studio 2019\Projects\ROSCOS\compute-only-sample\cosumd12\CosUmd12CommandList.h(263,62): error C2027: use of undefined type 'CosUmd12DescriptorHeap'
C:\Users\Alastair\Documents\Visual Studio 2019\Projects\ROSCOS\compute-only-sample\cosumd12\CosUmd12CommandList.h(5): message : see declaration of 'CosUmd12DescriptorHeap'
C:\Users\Alastair\Documents\Visual Studio 2019\Projects\ROSCOS\compute-only-sample\cosumd12\CosUmd12CommandList.h(205,10): message : This diagnostic occurred in the compiler generated function 'void CosUmd12CommandList::ExecuteMlMetaCommand(THwMetaCommand *,THwIoTable *,MetaCommandId)'
  CosUmd12CommandQueueDdi.cpp
C:\Users\Alastair\Documents\Visual Studio 2019\Projects\ROSCOS\compute-only-sample\cosumd12\CosUmd12CommandList.h(260,86): error C2027: use of undefined type 'CosUmd12DescriptorHeap'
C:\Users\Alastair\Documents\Visual Studio 2019\Projects\ROSCOS\compute-only-sample\cosumd12\CosUmd12CommandList.h(5): message : see declaration of 'CosUmd12DescriptorHeap'
C:\Users\Alastair\Documents\Visual Studio 2019\Projects\ROSCOS\compute-only-sample\cosumd12\CosUmd12CommandList.h(205,10): message : This diagnostic occurred in the compiler generated function 'void CosUmd12CommandList::ExecuteMlMetaCommand(THwMetaCommand *,THwIoTable *,MetaCommandId)'
C:\Users\Alastair\Documents\Visual Studio 2019\Projects\ROSCOS\compute-only-sample\cosumd12\CosUmd12CommandList.h(263,62): error C2027: use of undefined type 'CosUmd12DescriptorHeap'
C:\Users\Alastair\Documents\Visual Studio 2019\Projects\ROSCOS\compute-only-sample\cosumd12\CosUmd12CommandList.h(5): message : see declaration of 'CosUmd12DescriptorHeap'
C:\Users\Alastair\Documents\Visual Studio 2019\Projects\ROSCOS\compute-only-sample\cosumd12\CosUmd12CommandList.h(205,10): message : This diagnostic occurred in the compiler generated function 'void CosUmd12CommandList::ExecuteMlMetaCommand(THwMetaCommand *,THwIoTable *,MetaCommandId)'
  CosUmd12CommandQueueGpuVa.cpp
C:\Users\Alastair\Documents\Visual Studio 2019\Projects\ROSCOS\compute-only-sample\cosumd12\CosUmd12CommandList.h(260,86): error C2027: use of undefined type 'CosUmd12DescriptorHeap'
C:\Users\Alastair\Documents\Visual Studio 2019\Projects\ROSCOS\compute-only-sample\cosumd12\CosUmd12CommandList.h(5): message : see declaration of 'CosUmd12DescriptorHeap'
C:\Users\Alastair\Documents\Visual Studio 2019\Projects\ROSCOS\compute-only-sample\cosumd12\CosUmd12CommandList.h(205,10): message : This diagnostic occurred in the compiler generated function 'void CosUmd12CommandList::ExecuteMlMetaCommand(THwMetaCommand *,THwIoTable *,MetaCommandId)'
C:\Users\Alastair\Documents\Visual Studio 2019\Projects\ROSCOS\compute-only-sample\cosumd12\CosUmd12CommandList.h(263,62): error C2027: use of undefined type 'CosUmd12DescriptorHeap'
C:\Users\Alastair\Documents\Visual Studio 2019\Projects\ROSCOS\compute-only-sample\cosumd12\CosUmd12CommandList.h(5): message : see declaration of 'CosUmd12DescriptorHeap'
C:\Users\Alastair\Documents\Visual Studio 2019\Projects\ROSCOS\compute-only-sample\cosumd12\CosUmd12CommandList.h(205,10): message : This diagnostic occurred in the compiler generated function 'void CosUmd12CommandList::ExecuteMlMetaCommand(THwMetaCommand *,THwIoTable *,MetaCommandId)'
  CosUmd12ComputeCommandListDdi.cpp
C:\Users\Alastair\Documents\Visual Studio 2019\Projects\ROSCOS\compute-only-sample\cosumd12\CosUmd12CommandList.h(260,86): error C2027: use of undefined type 'CosUmd12DescriptorHeap'
C:\Users\Alastair\Documents\Visual Studio 2019\Projects\ROSCOS\compute-only-sample\cosumd12\CosUmd12CommandList.h(5): message : see declaration of 'CosUmd12DescriptorHeap'
C:\Users\Alastair\Documents\Visual Studio 2019\Projects\ROSCOS\compute-only-sample\cosumd12\CosUmd12CommandList.h(205,10): message : This diagnostic occurred in the compiler generated function 'void CosUmd12CommandList::ExecuteMlMetaCommand(THwMetaCommand *,THwIoTable *,MetaCommandId)'
C:\Users\Alastair\Documents\Visual Studio 2019\Projects\ROSCOS\compute-only-sample\cosumd12\CosUmd12CommandList.h(263,62): error C2027: use of undefined type 'CosUmd12DescriptorHeap'
C:\Users\Alastair\Documents\Visual Studio 2019\Projects\ROSCOS\compute-only-sample\cosumd12\CosUmd12CommandList.h(5): message : see declaration of 'CosUmd12DescriptorHeap'
C:\Users\Alastair\Documents\Visual Studio 2019\Projects\ROSCOS\compute-only-sample\cosumd12\CosUmd12CommandList.h(205,10): message : This diagnostic occurred in the compiler generated function 'void CosUmd12CommandList::ExecuteMlMetaCommand(THwMetaCommand *,THwIoTable *,MetaCommandId)'
  CosUmd12Descriptor.cpp
C:\Users\Alastair\Documents\Visual Studio 2019\Projects\ROSCOS\compute-only-sample\cosumd12\CosUmd12CommandList.h(260,86): error C2027: use of undefined type 'CosUmd12DescriptorHeap'
C:\Users\Alastair\Documents\Visual Studio 2019\Projects\ROSCOS\compute-only-sample\cosumd12\CosUmd12CommandList.h(5): message : see declaration of 'CosUmd12DescriptorHeap'
C:\Users\Alastair\Documents\Visual Studio 2019\Projects\ROSCOS\compute-only-sample\cosumd12\CosUmd12CommandList.h(205,10): message : This diagnostic occurred in the compiler generated function 'void CosUmd12CommandList::ExecuteMlMetaCommand(THwMetaCommand *,THwIoTable *,MetaCommandId)'
C:\Users\Alastair\Documents\Visual Studio 2019\Projects\ROSCOS\compute-only-sample\cosumd12\CosUmd12CommandList.h(263,62): error C2027: use of undefined type 'CosUmd12DescriptorHeap'
C:\Users\Alastair\Documents\Visual Studio 2019\Projects\ROSCOS\compute-only-sample\cosumd12\CosUmd12CommandList.h(5): message : see declaration of 'CosUmd12DescriptorHeap'
C:\Users\Alastair\Documents\Visual Studio 2019\Projects\ROSCOS\compute-only-sample\cosumd12\CosUmd12CommandList.h(205,10): message : This diagnostic occurred in the compiler generated function 'void CosUmd12CommandList::ExecuteMlMetaCommand(THwMetaCommand *,THwIoTable *,MetaCommandId)'
  CosUmd12DescriptorHeap.cpp
C:\Users\Alastair\Documents\Visual Studio 2019\Projects\ROSCOS\compute-only-sample\cosumd12\CosUmd12CommandList.h(260,86): error C2027: use of undefined type 'CosUmd12DescriptorHeap'
C:\Users\Alastair\Documents\Visual Studio 2019\Projects\ROSCOS\compute-only-sample\cosumd12\CosUmd12CommandList.h(5): message : see declaration of 'CosUmd12DescriptorHeap'
C:\Users\Alastair\Documents\Visual Studio 2019\Projects\ROSCOS\compute-only-sample\cosumd12\CosUmd12CommandList.h(205,10): message : This diagnostic occurred in the compiler generated function 'void CosUmd12CommandList::ExecuteMlMetaCommand(THwMetaCommand *,THwIoTable *,MetaCommandId)'
C:\Users\Alastair\Documents\Visual Studio 2019\Projects\ROSCOS\compute-only-sample\cosumd12\CosUmd12CommandList.h(263,62): error C2027: use of undefined type 'CosUmd12DescriptorHeap'
C:\Users\Alastair\Documents\Visual Studio 2019\Projects\ROSCOS\compute-only-sample\cosumd12\CosUmd12CommandList.h(5): message : see declaration of 'CosUmd12DescriptorHeap'
C:\Users\Alastair\Documents\Visual Studio 2019\Projects\ROSCOS\compute-only-sample\cosumd12\CosUmd12CommandList.h(205,10): message : This diagnostic occurred in the compiler generated function 'void CosUmd12CommandList::ExecuteMlMetaCommand(THwMetaCommand *,THwIoTable *,MetaCommandId)'
  CosUmd12DescriptorHeap2L.cpp
C:\Users\Alastair\Documents\Visual Studio 2019\Projects\ROSCOS\compute-only-sample\cosumd12\CosUmd12CommandList.h(260,86): error C2027: use of undefined type 'CosUmd12DescriptorHeap'
C:\Users\Alastair\Documents\Visual Studio 2019\Projects\ROSCOS\compute-only-sample\cosumd12\CosUmd12CommandList.h(5): message : see declaration of 'CosUmd12DescriptorHeap'
C:\Users\Alastair\Documents\Visual Studio 2019\Projects\ROSCOS\compute-only-sample\cosumd12\CosUmd12CommandList.h(205,10): message : This diagnostic occurred in the compiler generated function 'void CosUmd12CommandList::ExecuteMlMetaCommand(THwMetaCommand *,THwIoTable *,MetaCommandId)'
C:\Users\Alastair\Documents\Visual Studio 2019\Projects\ROSCOS\compute-only-sample\cosumd12\CosUmd12CommandList.h(263,62): error C2027: use of undefined type 'CosUmd12DescriptorHeap'
C:\Users\Alastair\Documents\Visual Studio 2019\Projects\ROSCOS\compute-only-sample\cosumd12\CosUmd12CommandList.h(5): message : see declaration of 'CosUmd12DescriptorHeap'
C:\Users\Alastair\Documents\Visual Studio 2019\Projects\ROSCOS\compute-only-sample\cosumd12\CosUmd12CommandList.h(205,10): message : This diagnostic occurred in the compiler generated function 'void CosUmd12CommandList::ExecuteMlMetaCommand(THwMetaCommand *,THwIoTable *,MetaCommandId)'
  CosUmd12DescriptorHeapGpuVa.cpp
C:\Users\Alastair\Documents\Visual Studio 2019\Projects\ROSCOS\compute-only-sample\cosumd12\CosUmd12CommandList.h(260,86): error C2027: use of undefined type 'CosUmd12DescriptorHeap'
C:\Users\Alastair\Documents\Visual Studio 2019\Projects\ROSCOS\compute-only-sample\cosumd12\CosUmd12CommandList.h(5): message : see declaration of 'CosUmd12DescriptorHeap'
C:\Users\Alastair\Documents\Visual Studio 2019\Projects\ROSCOS\compute-only-sample\cosumd12\CosUmd12CommandList.h(205,10): message : This diagnostic occurred in the compiler generated function 'void CosUmd12CommandList::ExecuteMlMetaCommand(THwMetaCommand *,THwIoTable *,MetaCommandId)'
C:\Users\Alastair\Documents\Visual Studio 2019\Projects\ROSCOS\compute-only-sample\cosumd12\CosUmd12CommandList.h(263,62): error C2027: use of undefined type 'CosUmd12DescriptorHeap'
C:\Users\Alastair\Documents\Visual Studio 2019\Projects\ROSCOS\compute-only-sample\cosumd12\CosUmd12CommandList.h(5): message : see declaration of 'CosUmd12DescriptorHeap'
C:\Users\Alastair\Documents\Visual Studio 2019\Projects\ROSCOS\compute-only-sample\cosumd12\CosUmd12CommandList.h(205,10): message : This diagnostic occurred in the compiler generated function 'void CosUmd12CommandList::ExecuteMlMetaCommand(THwMetaCommand *,THwIoTable *,MetaCommandId)'
  CosUmd12Device.cpp
C:\Users\Alastair\Documents\Visual Studio 2019\Projects\ROSCOS\compute-only-sample\cosumd12\CosUmd12CommandList.h(260,86): error C2027: use of undefined type 'CosUmd12DescriptorHeap'
C:\Users\Alastair\Documents\Visual Studio 2019\Projects\ROSCOS\compute-only-sample\cosumd12\CosUmd12CommandList.h(5): message : see declaration of 'CosUmd12DescriptorHeap'
C:\Users\Alastair\Documents\Visual Studio 2019\Projects\ROSCOS\compute-only-sample\cosumd12\CosUmd12CommandList.h(205,10): message : This diagnostic occurred in the compiler generated function 'void CosUmd12CommandList::ExecuteMlMetaCommand(THwMetaCommand *,THwIoTable *,MetaCommandId)'
C:\Users\Alastair\Documents\Visual Studio 2019\Projects\ROSCOS\compute-only-sample\cosumd12\CosUmd12CommandList.h(263,62): error C2027: use of undefined type 'CosUmd12DescriptorHeap'
C:\Users\Alastair\Documents\Visual Studio 2019\Projects\ROSCOS\compute-only-sample\cosumd12\CosUmd12CommandList.h(5): message : see declaration of 'CosUmd12DescriptorHeap'
C:\Users\Alastair\Documents\Visual Studio 2019\Projects\ROSCOS\compute-only-sample\cosumd12\CosUmd12CommandList.h(205,10): message : This diagnostic occurred in the compiler generated function 'void CosUmd12CommandList::ExecuteMlMetaCommand(THwMetaCommand *,THwIoTable *,MetaCommandId)'
  CosUmd12DeviceDdi.cpp
C:\Users\Alastair\Documents\Visual Studio 2019\Projects\ROSCOS\compute-only-sample\cosumd12\CosUmd12CommandList.h(260,86): error C2027: use of undefined type 'CosUmd12DescriptorHeap'
C:\Users\Alastair\Documents\Visual Studio 2019\Projects\ROSCOS\compute-only-sample\cosumd12\CosUmd12CommandList.h(5): message : see declaration of 'CosUmd12DescriptorHeap'
C:\Users\Alastair\Documents\Visual Studio 2019\Projects\ROSCOS\compute-only-sample\cosumd12\CosUmd12CommandList.h(205,10): message : This diagnostic occurred in the compiler generated function 'void CosUmd12CommandList::ExecuteMlMetaCommand(THwMetaCommand *,THwIoTable *,MetaCommandId)'
C:\Users\Alastair\Documents\Visual Studio 2019\Projects\ROSCOS\compute-only-sample\cosumd12\CosUmd12CommandList.h(263,62): error C2027: use of undefined type 'CosUmd12DescriptorHeap'
C:\Users\Alastair\Documents\Visual Studio 2019\Projects\ROSCOS\compute-only-sample\cosumd12\CosUmd12CommandList.h(5): message : see declaration of 'CosUmd12DescriptorHeap'
C:\Users\Alastair\Documents\Visual Studio 2019\Projects\ROSCOS\compute-only-sample\cosumd12\CosUmd12CommandList.h(205,10): message : This diagnostic occurred in the compiler generated function 'void CosUmd12CommandList::ExecuteMlMetaCommand(THwMetaCommand *,THwIoTable *,MetaCommandId)'
  CosUmd12DxgiDdi.cpp
C:\Users\Alastair\Documents\Visual Studio 2019\Projects\ROSCOS\compute-only-sample\cosumd12\CosUmd12CommandList.h(260,86): error C2027: use of undefined type 'CosUmd12DescriptorHeap'
C:\Users\Alastair\Documents\Visual Studio 2019\Projects\ROSCOS\compute-only-sample\cosumd12\CosUmd12CommandList.h(5): message : see declaration of 'CosUmd12DescriptorHeap'
C:\Users\Alastair\Documents\Visual Studio 2019\Projects\ROSCOS\compute-only-sample\cosumd12\CosUmd12CommandList.h(205,10): message : This diagnostic occurred in the compiler generated function 'void CosUmd12CommandList::ExecuteMlMetaCommand(THwMetaCommand *,THwIoTable *,MetaCommandId)'
C:\Users\Alastair\Documents\Visual Studio 2019\Projects\ROSCOS\compute-only-sample\cosumd12\CosUmd12CommandList.h(263,62): error C2027: use of undefined type 'CosUmd12DescriptorHeap'
C:\Users\Alastair\Documents\Visual Studio 2019\Projects\ROSCOS\compute-only-sample\cosumd12\CosUmd12CommandList.h(5): message : see declaration of 'CosUmd12DescriptorHeap'
C:\Users\Alastair\Documents\Visual Studio 2019\Projects\ROSCOS\compute-only-sample\cosumd12\CosUmd12CommandList.h(205,10): message : This diagnostic occurred in the compiler generated function 'void CosUmd12CommandList::ExecuteMlMetaCommand(THwMetaCommand *,THwIoTable *,MetaCommandId)'
  CosUmd12ExtendedFeaturesDdi.cpp
C:\Users\Alastair\Documents\Visual Studio 2019\Projects\ROSCOS\compute-only-sample\cosumd12\CosUmd12CommandList.h(260,86): error C2027: use of undefined type 'CosUmd12DescriptorHeap'
C:\Users\Alastair\Documents\Visual Studio 2019\Projects\ROSCOS\compute-only-sample\cosumd12\CosUmd12CommandList.h(5): message : see declaration of 'CosUmd12DescriptorHeap'
C:\Users\Alastair\Documents\Visual Studio 2019\Projects\ROSCOS\compute-only-sample\cosumd12\CosUmd12CommandList.h(205,10): message : This diagnostic occurred in the compiler generated function 'void CosUmd12CommandList::ExecuteMlMetaCommand(THwMetaCommand *,THwIoTable *,MetaCommandId)'
C:\Users\Alastair\Documents\Visual Studio 2019\Projects\ROSCOS\compute-only-sample\cosumd12\CosUmd12CommandList.h(263,62): error C2027: use of undefined type 'CosUmd12DescriptorHeap'
C:\Users\Alastair\Documents\Visual Studio 2019\Projects\ROSCOS\compute-only-sample\cosumd12\CosUmd12CommandList.h(5): message : see declaration of 'CosUmd12DescriptorHeap'
C:\Users\Alastair\Documents\Visual Studio 2019\Projects\ROSCOS\compute-only-sample\cosumd12\CosUmd12CommandList.h(205,10): message : This diagnostic occurred in the compiler generated function 'void CosUmd12CommandList::ExecuteMlMetaCommand(THwMetaCommand *,THwIoTable *,MetaCommandId)'
  CosUmd12Heap.cpp
C:\Users\Alastair\Documents\Visual Studio 2019\Projects\ROSCOS\compute-only-sample\cosumd12\CosUmd12CommandList.h(260,86): error C2027: use of undefined type 'CosUmd12DescriptorHeap'
C:\Users\Alastair\Documents\Visual Studio 2019\Projects\ROSCOS\compute-only-sample\cosumd12\CosUmd12CommandList.h(5): message : see declaration of 'CosUmd12DescriptorHeap'
C:\Users\Alastair\Documents\Visual Studio 2019\Projects\ROSCOS\compute-only-sample\cosumd12\CosUmd12CommandList.h(205,10): message : This diagnostic occurred in the compiler generated function 'void CosUmd12CommandList::ExecuteMlMetaCommand(THwMetaCommand *,THwIoTable *,MetaCommandId)'
C:\Users\Alastair\Documents\Visual Studio 2019\Projects\ROSCOS\compute-only-sample\cosumd12\CosUmd12CommandList.h(263,62): error C2027: use of undefined type 'CosUmd12DescriptorHeap'
C:\Users\Alastair\Documents\Visual Studio 2019\Projects\ROSCOS\compute-only-sample\cosumd12\CosUmd12CommandList.h(5): message : see declaration of 'CosUmd12DescriptorHeap'
C:\Users\Alastair\Documents\Visual Studio 2019\Projects\ROSCOS\compute-only-sample\cosumd12\CosUmd12CommandList.h(205,10): message : This diagnostic occurred in the compiler generated function 'void CosUmd12CommandList::ExecuteMlMetaCommand(THwMetaCommand *,THwIoTable *,MetaCommandId)'
  Compiling...
  CosUmd12MetaCommand.cpp
C:\Users\Alastair\Documents\Visual Studio 2019\Projects\ROSCOS\compute-only-sample\cosumd12\CosUmd12CommandList.h(260,86): error C2027: use of undefined type 'CosUmd12DescriptorHeap'
C:\Users\Alastair\Documents\Visual Studio 2019\Projects\ROSCOS\compute-only-sample\cosumd12\CosUmd12CommandList.h(5): message : see declaration of 'CosUmd12DescriptorHeap'
C:\Users\Alastair\Documents\Visual Studio 2019\Projects\ROSCOS\compute-only-sample\cosumd12\CosUmd12CommandList.h(205,10): message : This diagnostic occurred in the compiler generated function 'void CosUmd12CommandList::ExecuteMlMetaCommand(THwMetaCommand *,THwIoTable *,MetaCommandId)'
C:\Users\Alastair\Documents\Visual Studio 2019\Projects\ROSCOS\compute-only-sample\cosumd12\CosUmd12CommandList.h(263,62): error C2027: use of undefined type 'CosUmd12DescriptorHeap'
C:\Users\Alastair\Documents\Visual Studio 2019\Projects\ROSCOS\compute-only-sample\cosumd12\CosUmd12CommandList.h(5): message : see declaration of 'CosUmd12DescriptorHeap'
C:\Users\Alastair\Documents\Visual Studio 2019\Projects\ROSCOS\compute-only-sample\cosumd12\CosUmd12CommandList.h(205,10): message : This diagnostic occurred in the compiler generated function 'void CosUmd12CommandList::ExecuteMlMetaCommand(THwMetaCommand *,THwIoTable *,MetaCommandId)'
  CosUmd12Resource.cpp
C:\Users\Alastair\Documents\Visual Studio 2019\Projects\ROSCOS\compute-only-sample\cosumd12\CosUmd12CommandList.h(260,86): error C2027: use of undefined type 'CosUmd12DescriptorHeap'
C:\Users\Alastair\Documents\Visual Studio 2019\Projects\ROSCOS\compute-only-sample\cosumd12\CosUmd12CommandList.h(5): message : see declaration of 'CosUmd12DescriptorHeap'
C:\Users\Alastair\Documents\Visual Studio 2019\Projects\ROSCOS\compute-only-sample\cosumd12\CosUmd12CommandList.h(205,10): message : This diagnostic occurred in the compiler generated function 'void CosUmd12CommandList::ExecuteMlMetaCommand(THwMetaCommand *,THwIoTable *,MetaCommandId)'
C:\Users\Alastair\Documents\Visual Studio 2019\Projects\ROSCOS\compute-only-sample\cosumd12\CosUmd12CommandList.h(263,62): error C2027: use of undefined type 'CosUmd12DescriptorHeap'
C:\Users\Alastair\Documents\Visual Studio 2019\Projects\ROSCOS\compute-only-sample\cosumd12\CosUmd12CommandList.h(5): message : see declaration of 'CosUmd12DescriptorHeap'
C:\Users\Alastair\Documents\Visual Studio 2019\Projects\ROSCOS\compute-only-sample\cosumd12\CosUmd12CommandList.h(205,10): message : This diagnostic occurred in the compiler generated function 'void CosUmd12CommandList::ExecuteMlMetaCommand(THwMetaCommand *,THwIoTable *,MetaCommandId)'
  CosUmd12RootSignature.cpp
C:\Users\Alastair\Documents\Visual Studio 2019\Projects\ROSCOS\compute-only-sample\cosumd12\CosUmd12CommandList.h(260,86): error C2027: use of undefined type 'CosUmd12DescriptorHeap'
C:\Users\Alastair\Documents\Visual Studio 2019\Projects\ROSCOS\compute-only-sample\cosumd12\CosUmd12CommandList.h(5): message : see declaration of 'CosUmd12DescriptorHeap'
C:\Users\Alastair\Documents\Visual Studio 2019\Projects\ROSCOS\compute-only-sample\cosumd12\CosUmd12CommandList.h(205,10): message : This diagnostic occurred in the compiler generated function 'void CosUmd12CommandList::ExecuteMlMetaCommand(THwMetaCommand *,THwIoTable *,MetaCommandId)'
C:\Users\Alastair\Documents\Visual Studio 2019\Projects\ROSCOS\compute-only-sample\cosumd12\CosUmd12CommandList.h(263,62): error C2027: use of undefined type 'CosUmd12DescriptorHeap'
C:\Users\Alastair\Documents\Visual Studio 2019\Projects\ROSCOS\compute-only-sample\cosumd12\CosUmd12CommandList.h(5): message : see declaration of 'CosUmd12DescriptorHeap'
C:\Users\Alastair\Documents\Visual Studio 2019\Projects\ROSCOS\compute-only-sample\cosumd12\CosUmd12CommandList.h(205,10): message : This diagnostic occurred in the compiler generated function 'void CosUmd12CommandList::ExecuteMlMetaCommand(THwMetaCommand *,THwIoTable *,MetaCommandId)'
  CosUmd12RootSignature2L.cpp
C:\Users\Alastair\Documents\Visual Studio 2019\Projects\ROSCOS\compute-only-sample\cosumd12\CosUmd12CommandList.h(260,86): error C2027: use of undefined type 'CosUmd12DescriptorHeap'
C:\Users\Alastair\Documents\Visual Studio 2019\Projects\ROSCOS\compute-only-sample\cosumd12\CosUmd12CommandList.h(5): message : see declaration of 'CosUmd12DescriptorHeap'
C:\Users\Alastair\Documents\Visual Studio 2019\Projects\ROSCOS\compute-only-sample\cosumd12\CosUmd12CommandList.h(205,10): message : This diagnostic occurred in the compiler generated function 'void CosUmd12CommandList::ExecuteMlMetaCommand(THwMetaCommand *,THwIoTable *,MetaCommandId)'
C:\Users\Alastair\Documents\Visual Studio 2019\Projects\ROSCOS\compute-only-sample\cosumd12\CosUmd12CommandList.h(263,62): error C2027: use of undefined type 'CosUmd12DescriptorHeap'
C:\Users\Alastair\Documents\Visual Studio 2019\Projects\ROSCOS\compute-only-sample\cosumd12\CosUmd12CommandList.h(5): message : see declaration of 'CosUmd12DescriptorHeap'
C:\Users\Alastair\Documents\Visual Studio 2019\Projects\ROSCOS\compute-only-sample\cosumd12\CosUmd12CommandList.h(205,10): message : This diagnostic occurred in the compiler generated function 'void CosUmd12CommandList::ExecuteMlMetaCommand(THwMetaCommand *,THwIoTable *,MetaCommandId)'
  CosUmd12RootSignatureGpuVa.cpp
C:\Users\Alastair\Documents\Visual Studio 2019\Projects\ROSCOS\compute-only-sample\cosumd12\CosUmd12CommandList.h(260,86): error C2027: use of undefined type 'CosUmd12DescriptorHeap'
C:\Users\Alastair\Documents\Visual Studio 2019\Projects\ROSCOS\compute-only-sample\cosumd12\CosUmd12CommandList.h(5): message : see declaration of 'CosUmd12DescriptorHeap'
C:\Users\Alastair\Documents\Visual Studio 2019\Projects\ROSCOS\compute-only-sample\cosumd12\CosUmd12CommandList.h(205,10): message : This diagnostic occurred in the compiler generated function 'void CosUmd12CommandList::ExecuteMlMetaCommand(THwMetaCommand *,THwIoTable *,MetaCommandId)'
C:\Users\Alastair\Documents\Visual Studio 2019\Projects\ROSCOS\compute-only-sample\cosumd12\CosUmd12CommandList.h(263,62): error C2027: use of undefined type 'CosUmd12DescriptorHeap'
C:\Users\Alastair\Documents\Visual Studio 2019\Projects\ROSCOS\compute-only-sample\cosumd12\CosUmd12CommandList.h(5): message : see declaration of 'CosUmd12DescriptorHeap'
C:\Users\Alastair\Documents\Visual Studio 2019\Projects\ROSCOS\compute-only-sample\cosumd12\CosUmd12CommandList.h(205,10): message : This diagnostic occurred in the compiler generated function 'void CosUmd12CommandList::ExecuteMlMetaCommand(THwMetaCommand *,THwIoTable *,MetaCommandId)'
  CosUmd12Shader.cpp
C:\Users\Alastair\Documents\Visual Studio 2019\Projects\ROSCOS\compute-only-sample\cosumd12\CosUmd12CommandList.h(260,86): error C2027: use of undefined type 'CosUmd12DescriptorHeap'
C:\Users\Alastair\Documents\Visual Studio 2019\Projects\ROSCOS\compute-only-sample\cosumd12\CosUmd12CommandList.h(5): message : see declaration of 'CosUmd12DescriptorHeap'
C:\Users\Alastair\Documents\Visual Studio 2019\Projects\ROSCOS\compute-only-sample\cosumd12\CosUmd12CommandList.h(205,10): message : This diagnostic occurred in the compiler generated function 'void CosUmd12CommandList::ExecuteMlMetaCommand(THwMetaCommand *,THwIoTable *,MetaCommandId)'
C:\Users\Alastair\Documents\Visual Studio 2019\Projects\ROSCOS\compute-only-sample\cosumd12\CosUmd12CommandList.h(263,62): error C2027: use of undefined type 'CosUmd12DescriptorHeap'
C:\Users\Alastair\Documents\Visual Studio 2019\Projects\ROSCOS\compute-only-sample\cosumd12\CosUmd12CommandList.h(5): message : see declaration of 'CosUmd12DescriptorHeap'
C:\Users\Alastair\Documents\Visual Studio 2019\Projects\ROSCOS\compute-only-sample\cosumd12\CosUmd12CommandList.h(205,10): message : This diagnostic occurred in the compiler generated function 'void CosUmd12CommandList::ExecuteMlMetaCommand(THwMetaCommand *,THwIoTable *,MetaCommandId)'
C:\Users\Alastair\Documents\Visual Studio 2019\Projects\ROSCOS\compute-only-sample\cosumd12\CosUmd12Shader.cpp(3,10): fatal error C1083: Cannot open include file: 'VpuCompiler.h': No such file or directory
