c:\users\alastair\documents\visual studio 2019\projects\rosumd2\rosumd\arm64\debug\rosumd.pch
c:\users\alastair\documents\visual studio 2019\projects\rosumd2\rosumd\arm64\debug\vc142.pdb
c:\users\alastair\documents\visual studio 2019\projects\rosumd2\rosumd\arm64\debug\precomp.obj
c:\users\alastair\documents\visual studio 2019\projects\rosumd2\rosumd\arm64\debug\rosumdlogging.obj
c:\users\alastair\documents\visual studio 2019\projects\rosumd2\rosumd\arm64\debug\rosumdutil.obj
c:\users\alastair\documents\visual studio 2019\projects\rosumd2\rosumd\arm64\debug\rosumdshader.obj
c:\users\alastair\documents\visual studio 2019\projects\rosumd2\rosumd\arm64\debug\rosumdresource.obj
c:\users\alastair\documents\visual studio 2019\projects\rosumd2\rosumd\arm64\debug\rosumddeviceddi.obj
c:\users\alastair\documents\visual studio 2019\projects\rosumd2\rosumd\arm64\debug\rosumddevice.obj
c:\users\alastair\documents\visual studio 2019\projects\rosumd2\rosumd\arm64\debug\rosumdcommandbuffer.obj
c:\users\alastair\documents\visual studio 2019\projects\rosumd2\rosumd\arm64\debug\rosumdadapter.obj
c:\users\alastair\documents\visual studio 2019\projects\rosumd2\rosumd\arm64\debug\rosumd.obj
c:\users\alastair\documents\visual studio 2019\projects\rosumd2\rosumd\arm64\debug\pixlib.obj
c:\users\alastair\documents\visual studio 2019\projects\rosumd2\arm64\debug\rosumd.dll
c:\users\alastair\documents\visual studio 2019\projects\rosumd2\arm64\debug\rosumd.pdb
c:\users\alastair\documents\visual studio 2019\projects\rosumd2\arm64\debug\rosumd.lib
c:\users\alastair\documents\visual studio 2019\projects\rosumd2\arm64\debug\rosumd.exp
c:\users\alastair\documents\visual studio 2019\projects\rosumd2\rosumd\arm64\debug\ros.inf
c:\users\alastair\documents\visual studio 2019\projects\rosumd2\rosumd\arm64\debug\pixlib.tmh
c:\users\alastair\documents\visual studio 2019\projects\rosumd2\rosumd\arm64\debug\precomp.tmh
c:\users\alastair\documents\visual studio 2019\projects\rosumd2\rosumd\arm64\debug\rosumdadapter.tmh
c:\users\alastair\documents\visual studio 2019\projects\rosumd2\rosumd\arm64\debug\rosumdcommandbuffer.tmh
c:\users\alastair\documents\visual studio 2019\projects\rosumd2\rosumd\arm64\debug\rosumddeviceddi.tmh
c:\users\alastair\documents\visual studio 2019\projects\rosumd2\rosumd\arm64\debug\rosumddevice.tmh
c:\users\alastair\documents\visual studio 2019\projects\rosumd2\rosumd\arm64\debug\rosumdlogging.tmh
c:\users\alastair\documents\visual studio 2019\projects\rosumd2\rosumd\arm64\debug\rosumdresource.tmh
c:\users\alastair\documents\visual studio 2019\projects\rosumd2\rosumd\arm64\debug\rosumdshader.tmh
c:\users\alastair\documents\visual studio 2019\projects\rosumd2\rosumd\arm64\debug\rosumdutil.tmh
c:\users\alastair\documents\visual studio 2019\projects\rosumd2\rosumd\arm64\debug\rosumd.tmh
c:\users\alastair\documents\visual studio 2019\projects\rosumd2\arm64\debug\rosumd.cer
c:\users\alastair\documents\visual studio 2019\projects\rosumd2\rosumd\arm64\debug\rosumd.tlog\cl.command.1.tlog
c:\users\alastair\documents\visual studio 2019\projects\rosumd2\rosumd\arm64\debug\rosumd.tlog\cl.read.1.tlog
c:\users\alastair\documents\visual studio 2019\projects\rosumd2\rosumd\arm64\debug\rosumd.tlog\cl.write.1.tlog
c:\users\alastair\documents\visual studio 2019\projects\rosumd2\rosumd\arm64\debug\rosumd.tlog\link.command.1.tlog
c:\users\alastair\documents\visual studio 2019\projects\rosumd2\rosumd\arm64\debug\rosumd.tlog\link.read.1.tlog
c:\users\alastair\documents\visual studio 2019\projects\rosumd2\rosumd\arm64\debug\rosumd.tlog\link.write.1.tlog
c:\users\alastair\documents\visual studio 2019\projects\rosumd2\rosumd\arm64\debug\rosumd.tlog\rosumd.write.1u.tlog
c:\users\alastair\documents\visual studio 2019\projects\rosumd2\rosumd\arm64\debug\rosumd.tlog\signtool.command.1.tlog
c:\users\alastair\documents\visual studio 2019\projects\rosumd2\rosumd\arm64\debug\rosumd.tlog\signtool.read.1.tlog
c:\users\alastair\documents\visual studio 2019\projects\rosumd2\rosumd\arm64\debug\rosumd.tlog\signtool.timestamp.1.tlog
c:\users\alastair\documents\visual studio 2019\projects\rosumd2\rosumd\arm64\debug\rosumd.tlog\signtool.write.1.tlog
c:\users\alastair\documents\visual studio 2019\projects\rosumd2\rosumd\arm64\debug\rosumd.tlog\stampinf.command.1.tlog
c:\users\alastair\documents\visual studio 2019\projects\rosumd2\rosumd\arm64\debug\rosumd.tlog\stampinf.read.1.tlog
c:\users\alastair\documents\visual studio 2019\projects\rosumd2\rosumd\arm64\debug\rosumd.tlog\stampinf.write.1.tlog
c:\users\alastair\documents\visual studio 2019\projects\rosumd2\rosumd\arm64\debug\rosumd.tlog\tracewpp.command.1.tlog
c:\users\alastair\documents\visual studio 2019\projects\rosumd2\rosumd\arm64\debug\rosumd.tlog\tracewpp.read.1.tlog
c:\users\alastair\documents\visual studio 2019\projects\rosumd2\rosumd\arm64\debug\rosumd.tlog\tracewpp.write.1.tlog
