  Building 'rosumd' with toolset 'WindowsUserModeDriver10.0' and the 'Universal' target platform.
  Stamping ARM64\Debug\Ros.inf
  Stamping [Version] section with DriverVer=08/30/2021,23.45.22.269
  precomp.cpp
  pixlib.cpp
  RosUmd.cpp
  RosUmdAdapter.cpp
  RosUmdCommandBuffer.cpp
  RosUmdDevice.cpp
  RosUmdDeviceDdi.cpp
  RosUmdResource.cpp
  RosUmdShader.cpp
  RosUmdUtil.cpp
  RosUmdLogging.cpp
  Generating Code...
     Creating library C:\Users\Alastair\Documents\Visual Studio 2019\Projects\rosumd2\ARM64\Debug\rosumd.lib and object C:\Users\Alastair\Documents\Visual Studio 2019\Projects\rosumd2\ARM64\Debug\rosumd.exp
  rosumd.vcxproj -> C:\Users\Alastair\Documents\Visual Studio 2019\Projects\rosumd2\ARM64\Debug\rosumd.dll
  Done Adding Additional Store
  Successfully signed: C:\Users\Alastair\Documents\Visual Studio 2019\Projects\rosumd2\ARM64\Debug\rosumd.dll
  
  Inf2Cat task was skipped as there were no inf files to process
  
