c:\users\alastair\documents\visual studio 2019\projects\rosumd5\arm64\release\rosdriver\roskmd.cat
c:\users\alastair\documents\visual studio 2019\projects\rosumd5\rosdriver\arm64\release\ros.inf
c:\users\alastair\documents\visual studio 2019\projects\rosumd5\arm64\release\rosdriver.cer
c:\users\alastair\documents\visual studio 2019\projects\rosumd5\rosdriver\arm64\release\rosdriver.tlog\inf2cat-expand.16212.read.1.tlog
c:\users\alastair\documents\visual studio 2019\projects\rosumd5\rosdriver\arm64\release\rosdriver.tlog\inf2cat-expand.16212.write.1.tlog
c:\users\alastair\documents\visual studio 2019\projects\rosumd5\rosdriver\arm64\release\rosdriver.tlog\inf2cat-expand.16648.read.1.tlog
c:\users\alastair\documents\visual studio 2019\projects\rosumd5\rosdriver\arm64\release\rosdriver.tlog\inf2cat-expand.16648.write.1.tlog
c:\users\alastair\documents\visual studio 2019\projects\rosumd5\rosdriver\arm64\release\rosdriver.tlog\inf2cat-expand.18488.read.1.tlog
c:\users\alastair\documents\visual studio 2019\projects\rosumd5\rosdriver\arm64\release\rosdriver.tlog\inf2cat-expand.18488.write.1.tlog
c:\users\alastair\documents\visual studio 2019\projects\rosumd5\rosdriver\arm64\release\rosdriver.tlog\inf2cat-expand.18740.read.1.tlog
c:\users\alastair\documents\visual studio 2019\projects\rosumd5\rosdriver\arm64\release\rosdriver.tlog\inf2cat-expand.18740.write.1.tlog
c:\users\alastair\documents\visual studio 2019\projects\rosumd5\rosdriver\arm64\release\rosdriver.tlog\inf2cat-expand.2308.read.1.tlog
c:\users\alastair\documents\visual studio 2019\projects\rosumd5\rosdriver\arm64\release\rosdriver.tlog\inf2cat-expand.2308.write.1.tlog
c:\users\alastair\documents\visual studio 2019\projects\rosumd5\rosdriver\arm64\release\rosdriver.tlog\inf2cat-expand.read.1.tlog
c:\users\alastair\documents\visual studio 2019\projects\rosumd5\rosdriver\arm64\release\rosdriver.tlog\inf2cat-expand.write.1.tlog
c:\users\alastair\documents\visual studio 2019\projects\rosumd5\rosdriver\arm64\release\rosdriver.tlog\inf2cat.command.1.tlog
c:\users\alastair\documents\visual studio 2019\projects\rosumd5\rosdriver\arm64\release\rosdriver.tlog\inf2cat.read.1.tlog
c:\users\alastair\documents\visual studio 2019\projects\rosumd5\rosdriver\arm64\release\rosdriver.tlog\inf2cat.write.1.tlog
c:\users\alastair\documents\visual studio 2019\projects\rosumd5\rosdriver\arm64\release\rosdriver.tlog\signtool.command.1.tlog
c:\users\alastair\documents\visual studio 2019\projects\rosumd5\rosdriver\arm64\release\rosdriver.tlog\signtool.read.1.tlog
c:\users\alastair\documents\visual studio 2019\projects\rosumd5\rosdriver\arm64\release\rosdriver.tlog\signtool.timestamp.1.tlog
c:\users\alastair\documents\visual studio 2019\projects\rosumd5\rosdriver\arm64\release\rosdriver.tlog\signtool.write.1.tlog
c:\users\alastair\documents\visual studio 2019\projects\rosumd5\rosdriver\arm64\release\rosdriver.tlog\stampinf.command.1.tlog
c:\users\alastair\documents\visual studio 2019\projects\rosumd5\rosdriver\arm64\release\rosdriver.tlog\stampinf.read.1.tlog
c:\users\alastair\documents\visual studio 2019\projects\rosumd5\rosdriver\arm64\release\rosdriver.tlog\stampinf.write.1.tlog
