c:\users\alastair\documents\visual studio 2019\projects\rosumd3\roskmd\arm64\debug\vc142.pdb
c:\users\alastair\documents\visual studio 2019\projects\rosumd3\roskmd\arm64\debug\roskmdpower.obj
c:\users\alastair\documents\visual studio 2019\projects\rosumd3\roskmd\arm64\debug\roskmdutil.obj
c:\users\alastair\documents\visual studio 2019\projects\rosumd3\roskmd\arm64\debug\roskmdsoftadapter.obj
c:\users\alastair\documents\visual studio 2019\projects\rosumd3\roskmd\arm64\debug\roskmdglobal.obj
c:\users\alastair\documents\visual studio 2019\projects\rosumd3\roskmd\arm64\debug\roskmddevice.obj
c:\users\alastair\documents\visual studio 2019\projects\rosumd3\roskmd\arm64\debug\roskmdddi.obj
c:\users\alastair\documents\visual studio 2019\projects\rosumd3\roskmd\arm64\debug\roskmdcontext.obj
c:\users\alastair\documents\visual studio 2019\projects\rosumd3\roskmd\arm64\debug\roskmdadapter.obj
c:\users\alastair\documents\visual studio 2019\projects\rosumd3\roskmd\arm64\debug\roskmdacpi.obj
c:\users\alastair\documents\visual studio 2019\projects\rosumd3\arm64\debug\roskmd.sys
c:\users\alastair\documents\visual studio 2019\projects\rosumd3\roskmd\arm64\debug\roskmd.iobj
c:\users\alastair\documents\visual studio 2019\projects\rosumd3\arm64\debug\roskmd.pdb
c:\users\alastair\documents\visual studio 2019\projects\rosumd3\arm64\debug\roskmd.cer
c:\users\alastair\documents\visual studio 2019\projects\rosumd3\roskmd\arm64\debug\roskmd.tlog\cl.command.1.tlog
c:\users\alastair\documents\visual studio 2019\projects\rosumd3\roskmd\arm64\debug\roskmd.tlog\cl.read.1.tlog
c:\users\alastair\documents\visual studio 2019\projects\rosumd3\roskmd\arm64\debug\roskmd.tlog\cl.write.1.tlog
c:\users\alastair\documents\visual studio 2019\projects\rosumd3\roskmd\arm64\debug\roskmd.tlog\link.command.1.tlog
c:\users\alastair\documents\visual studio 2019\projects\rosumd3\roskmd\arm64\debug\roskmd.tlog\link.read.1.tlog
c:\users\alastair\documents\visual studio 2019\projects\rosumd3\roskmd\arm64\debug\roskmd.tlog\link.write.1.tlog
c:\users\alastair\documents\visual studio 2019\projects\rosumd3\roskmd\arm64\debug\roskmd.tlog\signtool.command.1.tlog
c:\users\alastair\documents\visual studio 2019\projects\rosumd3\roskmd\arm64\debug\roskmd.tlog\signtool.read.1.tlog
c:\users\alastair\documents\visual studio 2019\projects\rosumd3\roskmd\arm64\debug\roskmd.tlog\signtool.timestamp.1.tlog
c:\users\alastair\documents\visual studio 2019\projects\rosumd3\roskmd\arm64\debug\roskmd.tlog\signtool.write.1.tlog
